# JRE version: Java(TM) SE Runtime Environment (8.0_181-b13) (build 1.8.0_181-b13)
# Java VM: Java HotSpot(TM) 64-Bit Server VM (25.181-b13 mixed mode windows-amd64 compressed oops)
Heap:
 PSYoungGen      total 141824K, used 33265K [0x000000076ad80000, 0x0000000774280000, 0x00000007c0000000)
  eden space 131072K, 25% used [0x000000076ad80000,0x000000076cdfc640,0x0000000772d80000)
  from space 10752K, 0% used [0x0000000772d80000,0x0000000772d80000,0x0000000773800000)
  to   space 10752K, 0% used [0x0000000773800000,0x0000000773800000,0x0000000774280000)
 ParOldGen       total 175104K, used 175076K [0x00000006c0800000, 0x00000006cb300000, 0x000000076ad80000)
  object space 175104K, 99% used [0x00000006c0800000,0x00000006cb2f91b8,0x00000006cb300000)
 Metaspace       used 29578K, capacity 30239K, committed 30592K, reserved 1077248K
  class space    used 3183K, capacity 3361K, committed 3456K, reserved 1048576K
GC Heap History (10 events):
Event: 8.840 GC heap before
{Heap before GC invocations=9 (full 2):
 PSYoungGen      total 141824K, used 131328K [0x000000076ad80000, 0x0000000774280000, 0x00000007c0000000)
  eden space 131072K, 100% used [0x000000076ad80000,0x0000000772d80000,0x0000000772d80000)
  from space 10752K, 2% used [0x0000000773800000,0x0000000773840000,0x0000000774280000)
  to   space 10752K, 0% used [0x0000000772d80000,0x0000000772d80000,0x0000000773800000)
 ParOldGen       total 175104K, used 118253K [0x00000006c0800000, 0x00000006cb300000, 0x000000076ad80000)
  object space 175104K, 67% used [0x00000006c0800000,0x00000006c7b7b4b0,0x00000006cb300000)
 Metaspace       used 20725K, capacity 21246K, committed 21504K, reserved 1069056K
  class space    used 2619K, capacity 2766K, committed 2816K, reserved 1048576K
Event: 8.843 GC heap after
Heap after GC invocations=9 (full 2):
 PSYoungGen      total 141824K, used 288K [0x000000076ad80000, 0x0000000774280000, 0x00000007c0000000)
  eden space 131072K, 0% used [0x000000076ad80000,0x000000076ad80000,0x0000000772d80000)
  from space 10752K, 2% used [0x0000000772d80000,0x0000000772dc8000,0x0000000773800000)
  to   space 10752K, 0% used [0x0000000773800000,0x0000000773800000,0x0000000774280000)
 ParOldGen       total 175104K, used 118261K [0x00000006c0800000, 0x00000006cb300000, 0x000000076ad80000)
  object space 175104K, 67% used [0x00000006c0800000,0x00000006c7b7d4b0,0x00000006cb300000)
 Metaspace       used 20725K, capacity 21246K, committed 21504K, reserved 1069056K
  class space    used 2619K, capacity 2766K, committed 2816K, reserved 1048576K
}
Event: 10.032 GC heap before
{Heap before GC invocations=10 (full 2):
 PSYoungGen      total 141824K, used 131360K [0x000000076ad80000, 0x0000000774280000, 0x00000007c0000000)
  eden space 131072K, 100% used [0x000000076ad80000,0x0000000772d80000,0x0000000772d80000)
  from space 10752K, 2% used [0x0000000772d80000,0x0000000772dc8000,0x0000000773800000)
  to   space 10752K, 0% used [0x0000000773800000,0x0000000773800000,0x0000000774280000)
 ParOldGen       total 175104K, used 118261K [0x00000006c0800000, 0x00000006cb300000, 0x000000076ad80000)
  object space 175104K, 67% used [0x00000006c0800000,0x00000006c7b7d4b0,0x00000006cb300000)
 Metaspace       used 20816K, capacity 21310K, committed 21504K, reserved 1069056K
  class space    used 2623K, capacity 2766K, committed 2816K, reserved 1048576K
Event: 10.033 GC heap after
Heap after GC invocations=10 (full 2):
 PSYoungGen      total 141824K, used 576K [0x000000076ad80000, 0x0000000774280000, 0x00000007c0000000)
  eden space 131072K, 0% used [0x000000076ad80000,0x000000076ad80000,0x0000000772d80000)
  from space 10752K, 5% used [0x0000000773800000,0x0000000773890000,0x0000000774280000)
  to   space 10752K, 0% used [0x0000000772d80000,0x0000000772d80000,0x0000000773800000)
 ParOldGen       total 175104K, used 118269K [0x00000006c0800000, 0x00000006cb300000, 0x000000076ad80000)
  object space 175104K, 67% used [0x00000006c0800000,0x00000006c7b7f4b0,0x00000006cb300000)
 Metaspace       used 20816K, capacity 21310K, committed 21504K, reserved 1069056K
  class space    used 2623K, capacity 2766K, committed 2816K, reserved 1048576K
}
Event: 12.409 GC heap before
{Heap before GC invocations=11 (full 2):
 PSYoungGen      total 141824K, used 131648K [0x000000076ad80000, 0x0000000774280000, 0x00000007c0000000)
  eden space 131072K, 100% used [0x000000076ad80000,0x0000000772d80000,0x0000000772d80000)
  from space 10752K, 5% used [0x0000000773800000,0x0000000773890000,0x0000000774280000)
  to   space 10752K, 0% used [0x0000000772d80000,0x0000000772d80000,0x0000000773800000)
 ParOldGen       total 175104K, used 118269K [0x00000006c0800000, 0x00000006cb300000, 0x000000076ad80000)
  object space 175104K, 67% used [0x00000006c0800000,0x00000006c7b7f4b0,0x00000006cb300000)
 Metaspace       used 27561K, capacity 28243K, committed 28544K, reserved 1075200K
  class space    used 3174K, capacity 3361K, committed 3456K, reserved 1048576K
Event: 12.431 GC heap after
Heap after GC invocations=11 (full 2):
 PSYoungGen      total 141824K, used 10738K [0x000000076ad80000, 0x0000000774280000, 0x00000007c0000000)
  eden space 131072K, 0% used [0x000000076ad80000,0x000000076ad80000,0x0000000772d80000)
  from space 10752K, 99% used [0x0000000772d80000,0x00000007737fca40,0x0000000773800000)
  to   space 10752K, 0% used [0x0000000773800000,0x0000000773800000,0x0000000774280000)
 ParOldGen       total 175104K, used 149277K [0x00000006c0800000, 0x00000006cb300000, 0x000000076ad80000)
  object space 175104K, 85% used [0x00000006c0800000,0x00000006c99c7590,0x00000006cb300000)
 Metaspace       used 27561K, capacity 28243K, committed 28544K, reserved 1075200K
  class space    used 3174K, capacity 3361K, committed 3456K, reserved 1048576K
}
Event: 12.431 GC heap before
{Heap before GC invocations=12 (full 3):
 PSYoungGen      total 141824K, used 10738K [0x000000076ad80000, 0x0000000774280000, 0x00000007c0000000)
  eden space 131072K, 0% used [0x000000076ad80000,0x000000076ad80000,0x0000000772d80000)
  from space 10752K, 99% used [0x0000000772d80000,0x00000007737fca40,0x0000000773800000)
  to   space 10752K, 0% used [0x0000000773800000,0x0000000773800000,0x0000000774280000)
 ParOldGen       total 175104K, used 149277K [0x00000006c0800000, 0x00000006cb300000, 0x000000076ad80000)
  object space 175104K, 85% used [0x00000006c0800000,0x00000006c99c7590,0x00000006cb300000)
 Metaspace       used 27561K, capacity 28243K, committed 28544K, reserved 1075200K
  class space    used 3174K, capacity 3361K, committed 3456K, reserved 1048576K
Event: 12.663 GC heap after
Heap after GC invocations=12 (full 3):
 PSYoungGen      total 141824K, used 0K [0x000000076ad80000, 0x0000000774280000, 0x00000007c0000000)
  eden space 131072K, 0% used [0x000000076ad80000,0x000000076ad80000,0x0000000772d80000)
  from space 10752K, 0% used [0x0000000772d80000,0x0000000772d80000,0x0000000773800000)
  to   space 10752K, 0% used [0x0000000773800000,0x0000000773800000,0x0000000774280000)
 ParOldGen       total 175104K, used 148146K [0x00000006c0800000, 0x00000006cb300000, 0x000000076ad80000)
  object space 175104K, 84% used [0x00000006c0800000,0x00000006c98ac980,0x00000006cb300000)
 Metaspace       used 27033K, capacity 27675K, committed 28544K, reserved 1075200K
  class space    used 3076K, capacity 3257K, committed 3456K, reserved 1048576K
}
Event: 29.939 GC heap before
{Heap before GC invocations=13 (full 4):
 PSYoungGen      total 141824K, used 131072K [0x000000076ad80000, 0x0000000774280000, 0x00000007c0000000)
  eden space 131072K, 100% used [0x000000076ad80000,0x0000000772d80000,0x0000000772d80000)
  from space 10752K, 0% used [0x0000000772d80000,0x0000000772d80000,0x0000000773800000)
  to   space 10752K, 0% used [0x0000000773800000,0x0000000773800000,0x0000000774280000)
 ParOldGen       total 175104K, used 148146K [0x00000006c0800000, 0x00000006cb300000, 0x000000076ad80000)
  object space 175104K, 84% used [0x00000006c0800000,0x00000006c98ac980,0x00000006cb300000)
 Metaspace       used 29129K, capacity 29753K, committed 30080K, reserved 1075200K
  class space    used 3172K, capacity 3328K, committed 3456K, reserved 1048576K
Event: 30.282 GC heap after
Heap after GC invocations=13 (full 4):
 PSYoungGen      total 141824K, used 2038K [0x000000076ad80000, 0x0000000774280000, 0x00000007c0000000)
  eden space 131072K, 1% used [0x000000076ad80000,0x000000076af7da18,0x0000000772d80000)
  from space 10752K, 0% used [0x0000000772d80000,0x0000000772d80000,0x0000000773800000)
  to   space 10752K, 0% used [0x0000000773800000,0x0000000773800000,0x0000000774280000)
 ParOldGen       total 175104K, used 175076K [0x00000006c0800000, 0x00000006cb300000, 0x000000076ad80000)
  object space 175104K, 99% used [0x00000006c0800000,0x00000006cb2f91b8,0x00000006cb300000)
 Metaspace       used 29129K, capacity 29753K, committed 30080K, reserved 1075200K
  class space    used 3172K, capacity 3328K, committed 3456K, reserved 1048576K
}

