# JRE version: Java(TM) SE Runtime Environment (8.0_181-b13) (build 1.8.0_181-b13)
# Java VM: Java HotSpot(TM) 64-Bit Server VM (25.181-b13 mixed mode windows-amd64 compressed oops)
Heap:
 PSYoungGen      total 76288K, used 30819K [0x000000076ad80000, 0x0000000770280000, 0x00000007c0000000)
  eden space 65536K, 47% used [0x000000076ad80000,0x000000076cb98d20,0x000000076ed80000)
  from space 10752K, 0% used [0x000000076ed80000,0x000000076ed80000,0x000000076f800000)
  to   space 10752K, 0% used [0x000000076f800000,0x000000076f800000,0x0000000770280000)
 ParOldGen       total 86528K, used 13340K [0x00000006c0800000, 0x00000006c5c80000, 0x000000076ad80000)
  object space 86528K, 15% used [0x00000006c0800000,0x00000006c15070c0,0x00000006c5c80000)
 Metaspace       used 20623K, capacity 21166K, committed 21504K, reserved 1069056K
  class space    used 2588K, capacity 2736K, committed 2816K, reserved 1048576K
GC Heap History (8 events):
Event: 2.673 GC heap before
{Heap before GC invocations=1 (full 0):
 PSYoungGen      total 76288K, used 65536K [0x000000076ad80000, 0x0000000770280000, 0x00000007c0000000)
  eden space 65536K, 100% used [0x000000076ad80000,0x000000076ed80000,0x000000076ed80000)
  from space 10752K, 0% used [0x000000076f800000,0x000000076f800000,0x0000000770280000)
  to   space 10752K, 0% used [0x000000076ed80000,0x000000076ed80000,0x000000076f800000)
 ParOldGen       total 175104K, used 0K [0x00000006c0800000, 0x00000006cb300000, 0x000000076ad80000)
  object space 175104K, 0% used [0x00000006c0800000,0x00000006c0800000,0x00000006cb300000)
 Metaspace       used 19592K, capacity 20182K, committed 20352K, reserved 1067008K
  class space    used 2523K, capacity 2668K, committed 2688K, reserved 1048576K
Event: 2.685 GC heap after
Heap after GC invocations=1 (full 0):
 PSYoungGen      total 76288K, used 9646K [0x000000076ad80000, 0x0000000770280000, 0x00000007c0000000)
  eden space 65536K, 0% used [0x000000076ad80000,0x000000076ad80000,0x000000076ed80000)
  from space 10752K, 89% used [0x000000076ed80000,0x000000076f6eb808,0x000000076f800000)
  to   space 10752K, 0% used [0x000000076f800000,0x000000076f800000,0x0000000770280000)
 ParOldGen       total 175104K, used 40K [0x00000006c0800000, 0x00000006cb300000, 0x000000076ad80000)
  object space 175104K, 0% used [0x00000006c0800000,0x00000006c080a000,0x00000006cb300000)
 Metaspace       used 19592K, capacity 20182K, committed 20352K, reserved 1067008K
  class space    used 2523K, capacity 2668K, committed 2688K, reserved 1048576K
}
Event: 782.583 GC heap before
{Heap before GC invocations=2 (full 0):
 PSYoungGen      total 76288K, used 75182K [0x000000076ad80000, 0x0000000770280000, 0x00000007c0000000)
  eden space 65536K, 100% used [0x000000076ad80000,0x000000076ed80000,0x000000076ed80000)
  from space 10752K, 89% used [0x000000076ed80000,0x000000076f6eb808,0x000000076f800000)
  to   space 10752K, 0% used [0x000000076f800000,0x000000076f800000,0x0000000770280000)
 ParOldGen       total 175104K, used 40K [0x00000006c0800000, 0x00000006cb300000, 0x000000076ad80000)
  object space 175104K, 0% used [0x00000006c0800000,0x00000006c080a000,0x00000006cb300000)
 Metaspace       used 20488K, capacity 21032K, committed 21248K, reserved 1067008K
  class space    used 2586K, capacity 2735K, committed 2816K, reserved 1048576K
Event: 782.590 GC heap after
Heap after GC invocations=2 (full 0):
 PSYoungGen      total 76288K, used 10729K [0x000000076ad80000, 0x0000000770280000, 0x00000007c0000000)
  eden space 65536K, 0% used [0x000000076ad80000,0x000000076ad80000,0x000000076ed80000)
  from space 10752K, 99% used [0x000000076f800000,0x000000077027a610,0x0000000770280000)
  to   space 10752K, 0% used [0x000000076ed80000,0x000000076ed80000,0x000000076f800000)
 ParOldGen       total 175104K, used 6803K [0x00000006c0800000, 0x00000006cb300000, 0x000000076ad80000)
  object space 175104K, 3% used [0x00000006c0800000,0x00000006c0ea4da0,0x00000006cb300000)
 Metaspace       used 20488K, capacity 21032K, committed 21248K, reserved 1067008K
  class space    used 2586K, capacity 2735K, committed 2816K, reserved 1048576K
}
Event: 2226.161 GC heap before
{Heap before GC invocations=3 (full 0):
 PSYoungGen      total 76288K, used 62520K [0x000000076ad80000, 0x0000000770280000, 0x00000007c0000000)
  eden space 65536K, 79% used [0x000000076ad80000,0x000000076e013b88,0x000000076ed80000)
  from space 10752K, 99% used [0x000000076f800000,0x000000077027a610,0x0000000770280000)
  to   space 10752K, 0% used [0x000000076ed80000,0x000000076ed80000,0x000000076f800000)
 ParOldGen       total 175104K, used 6803K [0x00000006c0800000, 0x00000006cb300000, 0x000000076ad80000)
  object space 175104K, 3% used [0x00000006c0800000,0x00000006c0ea4da0,0x00000006cb300000)
 Metaspace       used 20581K, capacity 21102K, committed 21248K, reserved 1067008K
  class space    used 2587K, capacity 2736K, committed 2816K, reserved 1048576K
Event: 2226.172 GC heap after
Heap after GC invocations=3 (full 0):
 PSYoungGen      total 76288K, used 10739K [0x000000076ad80000, 0x0000000770280000, 0x00000007c0000000)
  eden space 65536K, 0% used [0x000000076ad80000,0x000000076ad80000,0x000000076ed80000)
  from space 10752K, 99% used [0x000000076ed80000,0x000000076f7fcd50,0x000000076f800000)
  to   space 10752K, 0% used [0x000000076f800000,0x000000076f800000,0x0000000770280000)
 ParOldGen       total 175104K, used 10661K [0x00000006c0800000, 0x00000006cb300000, 0x000000076ad80000)
  object space 175104K, 6% used [0x00000006c0800000,0x00000006c12694e0,0x00000006cb300000)
 Metaspace       used 20581K, capacity 21102K, committed 21248K, reserved 1067008K
  class space    used 2587K, capacity 2736K, committed 2816K, reserved 1048576K
}
Event: 2226.172 GC heap before
{Heap before GC invocations=4 (full 1):
 PSYoungGen      total 76288K, used 10739K [0x000000076ad80000, 0x0000000770280000, 0x00000007c0000000)
  eden space 65536K, 0% used [0x000000076ad80000,0x000000076ad80000,0x000000076ed80000)
  from space 10752K, 99% used [0x000000076ed80000,0x000000076f7fcd50,0x000000076f800000)
  to   space 10752K, 0% used [0x000000076f800000,0x000000076f800000,0x0000000770280000)
 ParOldGen       total 175104K, used 10661K [0x00000006c0800000, 0x00000006cb300000, 0x000000076ad80000)
  object space 175104K, 6% used [0x00000006c0800000,0x00000006c12694e0,0x00000006cb300000)
 Metaspace       used 20581K, capacity 21102K, committed 21248K, reserved 1067008K
  class space    used 2587K, capacity 2736K, committed 2816K, reserved 1048576K
Event: 2226.258 GC heap after
Heap after GC invocations=4 (full 1):
 PSYoungGen      total 76288K, used 0K [0x000000076ad80000, 0x0000000770280000, 0x00000007c0000000)
  eden space 65536K, 0% used [0x000000076ad80000,0x000000076ad80000,0x000000076ed80000)
  from space 10752K, 0% used [0x000000076ed80000,0x000000076ed80000,0x000000076f800000)
  to   space 10752K, 0% used [0x000000076f800000,0x000000076f800000,0x0000000770280000)
 ParOldGen       total 86528K, used 13340K [0x00000006c0800000, 0x00000006c5c80000, 0x000000076ad80000)
  object space 86528K, 15% used [0x00000006c0800000,0x00000006c15070c0,0x00000006c5c80000)
 Metaspace       used 20581K, capacity 21102K, committed 21248K, reserved 1067008K
  class space    used 2587K, capacity 2736K, committed 2816K, reserved 1048576K
}

