# JRE version: Java(TM) SE Runtime Environment (8.0_181-b13) (build 1.8.0_181-b13)
# Java VM: Java HotSpot(TM) 64-Bit Server VM (25.181-b13 mixed mode windows-amd64 compressed oops)
Heap:
 PSYoungGen      total 81408K, used 14117K [0x000000076ad80000, 0x0000000771280000, 0x00000007c0000000)
  eden space 62464K, 17% used [0x000000076ad80000,0x000000076b821928,0x000000076ea80000)
  from space 18944K, 17% used [0x0000000770000000,0x0000000770327d00,0x0000000771280000)
  to   space 20480K, 0% used [0x000000076ea80000,0x000000076ea80000,0x000000076fe80000)
 ParOldGen       total 84992K, used 12141K [0x00000006c0800000, 0x00000006c5b00000, 0x000000076ad80000)
  object space 84992K, 14% used [0x00000006c0800000,0x00000006c13db5a0,0x00000006c5b00000)
 Metaspace       used 20950K, capacity 21500K, committed 21760K, reserved 1069056K
  class space    used 2592K, capacity 2739K, committed 2816K, reserved 1048576K
GC Heap History (10 events):
Event: 2346.200 GC heap before
{Heap before GC invocations=3 (full 0):
 PSYoungGen      total 76288K, used 66036K [0x000000076ad80000, 0x0000000770280000, 0x00000007c0000000)
  eden space 65536K, 84% used [0x000000076ad80000,0x000000076e37d5a0,0x000000076ed80000)
  from space 10752K, 99% used [0x000000076f800000,0x000000077027fb98,0x0000000770280000)
  to   space 10752K, 0% used [0x000000076ed80000,0x000000076ed80000,0x000000076f800000)
 ParOldGen       total 175104K, used 6839K [0x00000006c0800000, 0x00000006cb300000, 0x000000076ad80000)
  object space 175104K, 3% used [0x00000006c0800000,0x00000006c0eadc20,0x00000006cb300000)
 Metaspace       used 20584K, capacity 21102K, committed 21248K, reserved 1067008K
  class space    used 2589K, capacity 2736K, committed 2816K, reserved 1048576K
Event: 2346.228 GC heap after
Heap after GC invocations=3 (full 0):
 PSYoungGen      total 76288K, used 10750K [0x000000076ad80000, 0x0000000770280000, 0x00000007c0000000)
  eden space 65536K, 0% used [0x000000076ad80000,0x000000076ad80000,0x000000076ed80000)
  from space 10752K, 99% used [0x000000076ed80000,0x000000076f7ffbb8,0x000000076f800000)
  to   space 10752K, 0% used [0x000000076f800000,0x000000076f800000,0x0000000770280000)
 ParOldGen       total 175104K, used 9187K [0x00000006c0800000, 0x00000006cb300000, 0x000000076ad80000)
  object space 175104K, 5% used [0x00000006c0800000,0x00000006c10f8fc0,0x00000006cb300000)
 Metaspace       used 20584K, capacity 21102K, committed 21248K, reserved 1067008K
  class space    used 2589K, capacity 2736K, committed 2816K, reserved 1048576K
}
Event: 2346.229 GC heap before
{Heap before GC invocations=4 (full 1):
 PSYoungGen      total 76288K, used 10750K [0x000000076ad80000, 0x0000000770280000, 0x00000007c0000000)
  eden space 65536K, 0% used [0x000000076ad80000,0x000000076ad80000,0x000000076ed80000)
  from space 10752K, 99% used [0x000000076ed80000,0x000000076f7ffbb8,0x000000076f800000)
  to   space 10752K, 0% used [0x000000076f800000,0x000000076f800000,0x0000000770280000)
 ParOldGen       total 175104K, used 9187K [0x00000006c0800000, 0x00000006cb300000, 0x000000076ad80000)
  object space 175104K, 5% used [0x00000006c0800000,0x00000006c10f8fc0,0x00000006cb300000)
 Metaspace       used 20584K, capacity 21102K, committed 21248K, reserved 1067008K
  class space    used 2589K, capacity 2736K, committed 2816K, reserved 1048576K
Event: 2346.328 GC heap after
Heap after GC invocations=4 (full 1):
 PSYoungGen      total 76288K, used 0K [0x000000076ad80000, 0x0000000770280000, 0x00000007c0000000)
  eden space 65536K, 0% used [0x000000076ad80000,0x000000076ad80000,0x000000076ed80000)
  from space 10752K, 0% used [0x000000076ed80000,0x000000076ed80000,0x000000076f800000)
  to   space 10752K, 0% used [0x000000076f800000,0x000000076f800000,0x0000000770280000)
 ParOldGen       total 84992K, used 12117K [0x00000006c0800000, 0x00000006c5b00000, 0x000000076ad80000)
  object space 84992K, 14% used [0x00000006c0800000,0x00000006c13d55a0,0x00000006c5b00000)
 Metaspace       used 20584K, capacity 21102K, committed 21248K, reserved 1067008K
  class space    used 2589K, capacity 2736K, committed 2816K, reserved 1048576K
}
Event: 4264.327 GC heap before
{Heap before GC invocations=5 (full 1):
 PSYoungGen      total 76288K, used 65536K [0x000000076ad80000, 0x0000000770280000, 0x00000007c0000000)
  eden space 65536K, 100% used [0x000000076ad80000,0x000000076ed80000,0x000000076ed80000)
  from space 10752K, 0% used [0x000000076ed80000,0x000000076ed80000,0x000000076f800000)
  to   space 10752K, 0% used [0x000000076f800000,0x000000076f800000,0x0000000770280000)
 ParOldGen       total 84992K, used 12117K [0x00000006c0800000, 0x00000006c5b00000, 0x000000076ad80000)
  object space 84992K, 14% used [0x00000006c0800000,0x00000006c13d55a0,0x00000006c5b00000)
 Metaspace       used 20711K, capacity 21236K, committed 21504K, reserved 1069056K
  class space    used 2589K, capacity 2737K, committed 2816K, reserved 1048576K
Event: 4264.350 GC heap after
Heap after GC invocations=5 (full 1):
 PSYoungGen      total 76288K, used 3120K [0x000000076ad80000, 0x0000000770280000, 0x00000007c0000000)
  eden space 65536K, 0% used [0x000000076ad80000,0x000000076ad80000,0x000000076ed80000)
  from space 10752K, 29% used [0x000000076f800000,0x000000076fb0c370,0x0000000770280000)
  to   space 10752K, 0% used [0x000000076ed80000,0x000000076ed80000,0x000000076f800000)
 ParOldGen       total 84992K, used 12125K [0x00000006c0800000, 0x00000006c5b00000, 0x000000076ad80000)
  object space 84992K, 14% used [0x00000006c0800000,0x00000006c13d75a0,0x00000006c5b00000)
 Metaspace       used 20711K, capacity 21236K, committed 21504K, reserved 1069056K
  class space    used 2589K, capacity 2737K, committed 2816K, reserved 1048576K
}
Event: 6173.599 GC heap before
{Heap before GC invocations=6 (full 1):
 PSYoungGen      total 76288K, used 68656K [0x000000076ad80000, 0x0000000770280000, 0x00000007c0000000)
  eden space 65536K, 100% used [0x000000076ad80000,0x000000076ed80000,0x000000076ed80000)
  from space 10752K, 29% used [0x000000076f800000,0x000000076fb0c370,0x0000000770280000)
  to   space 10752K, 0% used [0x000000076ed80000,0x000000076ed80000,0x000000076f800000)
 ParOldGen       total 84992K, used 12125K [0x00000006c0800000, 0x00000006c5b00000, 0x000000076ad80000)
  object space 84992K, 14% used [0x00000006c0800000,0x00000006c13d75a0,0x00000006c5b00000)
 Metaspace       used 20796K, capacity 21364K, committed 21504K, reserved 1069056K
  class space    used 2590K, capacity 2737K, committed 2816K, reserved 1048576K
Event: 6173.626 GC heap after
Heap after GC invocations=6 (full 1):
 PSYoungGen      total 74752K, used 3314K [0x000000076ad80000, 0x0000000771400000, 0x00000007c0000000)
  eden space 64000K, 0% used [0x000000076ad80000,0x000000076ad80000,0x000000076ec00000)
  from space 10752K, 30% used [0x000000076ed80000,0x000000076f0bc9f0,0x000000076f800000)
  to   space 20480K, 0% used [0x0000000770000000,0x0000000770000000,0x0000000771400000)
 ParOldGen       total 84992K, used 12133K [0x00000006c0800000, 0x00000006c5b00000, 0x000000076ad80000)
  object space 84992K, 14% used [0x00000006c0800000,0x00000006c13d95a0,0x00000006c5b00000)
 Metaspace       used 20796K, capacity 21364K, committed 21504K, reserved 1069056K
  class space    used 2590K, capacity 2737K, committed 2816K, reserved 1048576K
}
Event: 8004.309 GC heap before
{Heap before GC invocations=7 (full 1):
 PSYoungGen      total 74752K, used 67314K [0x000000076ad80000, 0x0000000771400000, 0x00000007c0000000)
  eden space 64000K, 100% used [0x000000076ad80000,0x000000076ec00000,0x000000076ec00000)
  from space 10752K, 30% used [0x000000076ed80000,0x000000076f0bc9f0,0x000000076f800000)
  to   space 20480K, 0% used [0x0000000770000000,0x0000000770000000,0x0000000771400000)
 ParOldGen       total 84992K, used 12133K [0x00000006c0800000, 0x00000006c5b00000, 0x000000076ad80000)
  object space 84992K, 14% used [0x00000006c0800000,0x00000006c13d95a0,0x00000006c5b00000)
 Metaspace       used 20906K, capacity 21428K, committed 21760K, reserved 1069056K
  class space    used 2590K, capacity 2737K, committed 2816K, reserved 1048576K
Event: 8004.330 GC heap after
Heap after GC invocations=7 (full 1):
 PSYoungGen      total 81408K, used 3231K [0x000000076ad80000, 0x0000000771280000, 0x00000007c0000000)
  eden space 62464K, 0% used [0x000000076ad80000,0x000000076ad80000,0x000000076ea80000)
  from space 18944K, 17% used [0x0000000770000000,0x0000000770327d00,0x0000000771280000)
  to   space 20480K, 0% used [0x000000076ea80000,0x000000076ea80000,0x000000076fe80000)
 ParOldGen       total 84992K, used 12141K [0x00000006c0800000, 0x00000006c5b00000, 0x000000076ad80000)
  object space 84992K, 14% used [0x00000006c0800000,0x00000006c13db5a0,0x00000006c5b00000)
 Metaspace       used 20906K, capacity 21428K, committed 21760K, reserved 1069056K
  class space    used 2590K, capacity 2737K, committed 2816K, reserved 1048576K
}

