# JRE version: Java(TM) SE Runtime Environment (8.0_181-b13) (build 1.8.0_181-b13)
# Java VM: Java HotSpot(TM) 64-Bit Server VM (25.181-b13 mixed mode windows-amd64 compressed oops)
Heap:
 PSYoungGen      total 74752K, used 56569K [0x000000076ad80000, 0x0000000771500000, 0x00000007c0000000)
  eden space 64000K, 82% used [0x000000076ad80000,0x000000076e141960,0x000000076ec00000)
  from space 10752K, 33% used [0x000000076ed80000,0x000000076f0fce50,0x000000076f800000)
  to   space 20992K, 0% used [0x0000000770080000,0x0000000770080000,0x0000000771500000)
 ParOldGen       total 84992K, used 12159K [0x00000006c0800000, 0x00000006c5b00000, 0x000000076ad80000)
  object space 84992K, 14% used [0x00000006c0800000,0x00000006c13dfd30,0x00000006c5b00000)
 Metaspace       used 20947K, capacity 21500K, committed 21760K, reserved 1069056K
  class space    used 2592K, capacity 2739K, committed 2816K, reserved 1048576K
GC Heap History (10 events):
Event: 842.614 GC heap before
{Heap before GC invocations=2 (full 0):
 PSYoungGen      total 76288K, used 75459K [0x000000076ad80000, 0x0000000770280000, 0x00000007c0000000)
  eden space 65536K, 100% used [0x000000076ad80000,0x000000076ed80000,0x000000076ed80000)
  from space 10752K, 92% used [0x000000076ed80000,0x000000076f730d90,0x000000076f800000)
  to   space 10752K, 0% used [0x000000076f800000,0x000000076f800000,0x0000000770280000)
 ParOldGen       total 175104K, used 40K [0x00000006c0800000, 0x00000006cb300000, 0x000000076ad80000)
  object space 175104K, 0% used [0x00000006c0800000,0x00000006c080a000,0x00000006cb300000)
 Metaspace       used 20502K, capacity 21038K, committed 21248K, reserved 1067008K
  class space    used 2588K, capacity 2736K, committed 2816K, reserved 1048576K
Event: 842.623 GC heap after
Heap after GC invocations=2 (full 0):
 PSYoungGen      total 76288K, used 10729K [0x000000076ad80000, 0x0000000770280000, 0x00000007c0000000)
  eden space 65536K, 0% used [0x000000076ad80000,0x000000076ad80000,0x000000076ed80000)
  from space 10752K, 99% used [0x000000076f800000,0x000000077027a650,0x0000000770280000)
  to   space 10752K, 0% used [0x000000076ed80000,0x000000076ed80000,0x000000076f800000)
 ParOldGen       total 175104K, used 6976K [0x00000006c0800000, 0x00000006cb300000, 0x000000076ad80000)
  object space 175104K, 3% used [0x00000006c0800000,0x00000006c0ed00e8,0x00000006cb300000)
 Metaspace       used 20502K, capacity 21038K, committed 21248K, reserved 1067008K
  class space    used 2588K, capacity 2736K, committed 2816K, reserved 1048576K
}
Event: 2226.088 GC heap before
{Heap before GC invocations=3 (full 0):
 PSYoungGen      total 76288K, used 60380K [0x000000076ad80000, 0x0000000770280000, 0x00000007c0000000)
  eden space 65536K, 75% used [0x000000076ad80000,0x000000076ddfca30,0x000000076ed80000)
  from space 10752K, 99% used [0x000000076f800000,0x000000077027a650,0x0000000770280000)
  to   space 10752K, 0% used [0x000000076ed80000,0x000000076ed80000,0x000000076f800000)
 ParOldGen       total 175104K, used 6976K [0x00000006c0800000, 0x00000006cb300000, 0x000000076ad80000)
  object space 175104K, 3% used [0x00000006c0800000,0x00000006c0ed00e8,0x00000006cb300000)
 Metaspace       used 20579K, capacity 21108K, committed 21248K, reserved 1067008K
  class space    used 2589K, capacity 2737K, committed 2816K, reserved 1048576K
Event: 2226.099 GC heap after
Heap after GC invocations=3 (full 0):
 PSYoungGen      total 76288K, used 10744K [0x000000076ad80000, 0x0000000770280000, 0x00000007c0000000)
  eden space 65536K, 0% used [0x000000076ad80000,0x000000076ad80000,0x000000076ed80000)
  from space 10752K, 99% used [0x000000076ed80000,0x000000076f7fe2a8,0x000000076f800000)
  to   space 10752K, 0% used [0x000000076f800000,0x000000076f800000,0x0000000770280000)
 ParOldGen       total 175104K, used 10593K [0x00000006c0800000, 0x00000006cb300000, 0x000000076ad80000)
  object space 175104K, 6% used [0x00000006c0800000,0x00000006c12587c8,0x00000006cb300000)
 Metaspace       used 20579K, capacity 21108K, committed 21248K, reserved 1067008K
  class space    used 2589K, capacity 2737K, committed 2816K, reserved 1048576K
}
Event: 2226.099 GC heap before
{Heap before GC invocations=4 (full 1):
 PSYoungGen      total 76288K, used 10744K [0x000000076ad80000, 0x0000000770280000, 0x00000007c0000000)
  eden space 65536K, 0% used [0x000000076ad80000,0x000000076ad80000,0x000000076ed80000)
  from space 10752K, 99% used [0x000000076ed80000,0x000000076f7fe2a8,0x000000076f800000)
  to   space 10752K, 0% used [0x000000076f800000,0x000000076f800000,0x0000000770280000)
 ParOldGen       total 175104K, used 10593K [0x00000006c0800000, 0x00000006cb300000, 0x000000076ad80000)
  object space 175104K, 6% used [0x00000006c0800000,0x00000006c12587c8,0x00000006cb300000)
 Metaspace       used 20579K, capacity 21108K, committed 21248K, reserved 1067008K
  class space    used 2589K, capacity 2737K, committed 2816K, reserved 1048576K
Event: 2226.177 GC heap after
Heap after GC invocations=4 (full 1):
 PSYoungGen      total 76288K, used 0K [0x000000076ad80000, 0x0000000770280000, 0x00000007c0000000)
  eden space 65536K, 0% used [0x000000076ad80000,0x000000076ad80000,0x000000076ed80000)
  from space 10752K, 0% used [0x000000076ed80000,0x000000076ed80000,0x000000076f800000)
  to   space 10752K, 0% used [0x000000076f800000,0x000000076f800000,0x0000000770280000)
 ParOldGen       total 84992K, used 12143K [0x00000006c0800000, 0x00000006c5b00000, 0x000000076ad80000)
  object space 84992K, 14% used [0x00000006c0800000,0x00000006c13dbd30,0x00000006c5b00000)
 Metaspace       used 20579K, capacity 21108K, committed 21248K, reserved 1067008K
  class space    used 2589K, capacity 2737K, committed 2816K, reserved 1048576K
}
Event: 4096.411 GC heap before
{Heap before GC invocations=5 (full 1):
 PSYoungGen      total 76288K, used 65536K [0x000000076ad80000, 0x0000000770280000, 0x00000007c0000000)
  eden space 65536K, 100% used [0x000000076ad80000,0x000000076ed80000,0x000000076ed80000)
  from space 10752K, 0% used [0x000000076ed80000,0x000000076ed80000,0x000000076f800000)
  to   space 10752K, 0% used [0x000000076f800000,0x000000076f800000,0x0000000770280000)
 ParOldGen       total 84992K, used 12143K [0x00000006c0800000, 0x00000006c5b00000, 0x000000076ad80000)
  object space 84992K, 14% used [0x00000006c0800000,0x00000006c13dbd30,0x00000006c5b00000)
 Metaspace       used 20719K, capacity 21236K, committed 21504K, reserved 1069056K
  class space    used 2590K, capacity 2737K, committed 2816K, reserved 1048576K
Event: 4096.425 GC heap after
Heap after GC invocations=5 (full 1):
 PSYoungGen      total 76288K, used 3279K [0x000000076ad80000, 0x0000000770280000, 0x00000007c0000000)
  eden space 65536K, 0% used [0x000000076ad80000,0x000000076ad80000,0x000000076ed80000)
  from space 10752K, 30% used [0x000000076f800000,0x000000076fb33f10,0x0000000770280000)
  to   space 10752K, 0% used [0x000000076ed80000,0x000000076ed80000,0x000000076f800000)
 ParOldGen       total 84992K, used 12151K [0x00000006c0800000, 0x00000006c5b00000, 0x000000076ad80000)
  object space 84992K, 14% used [0x00000006c0800000,0x00000006c13ddd30,0x00000006c5b00000)
 Metaspace       used 20719K, capacity 21236K, committed 21504K, reserved 1069056K
  class space    used 2590K, capacity 2737K, committed 2816K, reserved 1048576K
}
Event: 6131.010 GC heap before
{Heap before GC invocations=6 (full 1):
 PSYoungGen      total 76288K, used 68815K [0x000000076ad80000, 0x0000000770280000, 0x00000007c0000000)
  eden space 65536K, 100% used [0x000000076ad80000,0x000000076ed80000,0x000000076ed80000)
  from space 10752K, 30% used [0x000000076f800000,0x000000076fb33f10,0x0000000770280000)
  to   space 10752K, 0% used [0x000000076ed80000,0x000000076ed80000,0x000000076f800000)
 ParOldGen       total 84992K, used 12151K [0x00000006c0800000, 0x00000006c5b00000, 0x000000076ad80000)
  object space 84992K, 14% used [0x00000006c0800000,0x00000006c13ddd30,0x00000006c5b00000)
 Metaspace       used 20808K, capacity 21364K, committed 21504K, reserved 1069056K
  class space    used 2590K, capacity 2737K, committed 2816K, reserved 1048576K
Event: 6131.038 GC heap after
Heap after GC invocations=6 (full 1):
 PSYoungGen      total 74752K, used 3571K [0x000000076ad80000, 0x0000000771500000, 0x00000007c0000000)
  eden space 64000K, 0% used [0x000000076ad80000,0x000000076ad80000,0x000000076ec00000)
  from space 10752K, 33% used [0x000000076ed80000,0x000000076f0fce50,0x000000076f800000)
  to   space 20992K, 0% used [0x0000000770080000,0x0000000770080000,0x0000000771500000)
 ParOldGen       total 84992K, used 12159K [0x00000006c0800000, 0x00000006c5b00000, 0x000000076ad80000)
  object space 84992K, 14% used [0x00000006c0800000,0x00000006c13dfd30,0x00000006c5b00000)
 Metaspace       used 20808K, capacity 21364K, committed 21504K, reserved 1069056K
  class space    used 2590K, capacity 2737K, committed 2816K, reserved 1048576K
}

