# JRE version: Java(TM) SE Runtime Environment (8.0_181-b13) (build 1.8.0_181-b13)
# Java VM: Java HotSpot(TM) 64-Bit Server VM (25.181-b13 mixed mode windows-amd64 compressed oops)
Heap:
 PSYoungGen      total 76288K, used 65045K [0x000000076ad80000, 0x0000000770280000, 0x00000007c0000000)
  eden space 65536K, 94% used [0x000000076ad80000,0x000000076e9f52f0,0x000000076ed80000)
  from space 10752K, 29% used [0x000000076f800000,0x000000076fb10360,0x0000000770280000)
  to   space 10752K, 0% used [0x000000076ed80000,0x000000076ed80000,0x000000076f800000)
 ParOldGen       total 86016K, used 12122K [0x00000006c0800000, 0x00000006c5c00000, 0x000000076ad80000)
  object space 86016K, 14% used [0x00000006c0800000,0x00000006c13d68e0,0x00000006c5c00000)
 Metaspace       used 20775K, capacity 21326K, committed 21504K, reserved 1069056K
  class space    used 2580K, capacity 2704K, committed 2816K, reserved 1048576K
GC Heap History (10 events):
Event: 2.346 GC heap before
{Heap before GC invocations=1 (full 0):
 PSYoungGen      total 76288K, used 65536K [0x000000076ad80000, 0x0000000770280000, 0x00000007c0000000)
  eden space 65536K, 100% used [0x000000076ad80000,0x000000076ed80000,0x000000076ed80000)
  from space 10752K, 0% used [0x000000076f800000,0x000000076f800000,0x0000000770280000)
  to   space 10752K, 0% used [0x000000076ed80000,0x000000076ed80000,0x000000076f800000)
 ParOldGen       total 175104K, used 0K [0x00000006c0800000, 0x00000006cb300000, 0x000000076ad80000)
  object space 175104K, 0% used [0x00000006c0800000,0x00000006c0800000,0x00000006cb300000)
 Metaspace       used 19588K, capacity 20150K, committed 20352K, reserved 1067008K
  class space    used 2518K, capacity 2636K, committed 2688K, reserved 1048576K
Event: 2.355 GC heap after
Heap after GC invocations=1 (full 0):
 PSYoungGen      total 76288K, used 9822K [0x000000076ad80000, 0x0000000770280000, 0x00000007c0000000)
  eden space 65536K, 0% used [0x000000076ad80000,0x000000076ad80000,0x000000076ed80000)
  from space 10752K, 91% used [0x000000076ed80000,0x000000076f717908,0x000000076f800000)
  to   space 10752K, 0% used [0x000000076f800000,0x000000076f800000,0x0000000770280000)
 ParOldGen       total 175104K, used 40K [0x00000006c0800000, 0x00000006cb300000, 0x000000076ad80000)
  object space 175104K, 0% used [0x00000006c0800000,0x00000006c080a000,0x00000006cb300000)
 Metaspace       used 19588K, capacity 20150K, committed 20352K, reserved 1067008K
  class space    used 2518K, capacity 2636K, committed 2688K, reserved 1048576K
}
Event: 842.249 GC heap before
{Heap before GC invocations=2 (full 0):
 PSYoungGen      total 76288K, used 75358K [0x000000076ad80000, 0x0000000770280000, 0x00000007c0000000)
  eden space 65536K, 100% used [0x000000076ad80000,0x000000076ed80000,0x000000076ed80000)
  from space 10752K, 91% used [0x000000076ed80000,0x000000076f717908,0x000000076f800000)
  to   space 10752K, 0% used [0x000000076f800000,0x000000076f800000,0x0000000770280000)
 ParOldGen       total 175104K, used 40K [0x00000006c0800000, 0x00000006cb300000, 0x000000076ad80000)
  object space 175104K, 0% used [0x00000006c0800000,0x00000006c080a000,0x00000006cb300000)
 Metaspace       used 20486K, capacity 21006K, committed 21248K, reserved 1067008K
  class space    used 2579K, capacity 2704K, committed 2816K, reserved 1048576K
Event: 842.256 GC heap after
Heap after GC invocations=2 (full 0):
 PSYoungGen      total 76288K, used 10722K [0x000000076ad80000, 0x0000000770280000, 0x00000007c0000000)
  eden space 65536K, 0% used [0x000000076ad80000,0x000000076ad80000,0x000000076ed80000)
  from space 10752K, 99% used [0x000000076f800000,0x0000000770278840,0x0000000770280000)
  to   space 10752K, 0% used [0x000000076ed80000,0x000000076ed80000,0x000000076f800000)
 ParOldGen       total 175104K, used 6919K [0x00000006c0800000, 0x00000006cb300000, 0x000000076ad80000)
  object space 175104K, 3% used [0x00000006c0800000,0x00000006c0ec1c38,0x00000006cb300000)
 Metaspace       used 20486K, capacity 21006K, committed 21248K, reserved 1067008K
  class space    used 2579K, capacity 2704K, committed 2816K, reserved 1048576K
}
Event: 2345.983 GC heap before
{Heap before GC invocations=3 (full 0):
 PSYoungGen      total 76288K, used 65356K [0x000000076ad80000, 0x0000000770280000, 0x00000007c0000000)
  eden space 65536K, 83% used [0x000000076ad80000,0x000000076e2da7c8,0x000000076ed80000)
  from space 10752K, 99% used [0x000000076f800000,0x0000000770278840,0x0000000770280000)
  to   space 10752K, 0% used [0x000000076ed80000,0x000000076ed80000,0x000000076f800000)
 ParOldGen       total 175104K, used 6919K [0x00000006c0800000, 0x00000006cb300000, 0x000000076ad80000)
  object space 175104K, 3% used [0x00000006c0800000,0x00000006c0ec1c38,0x00000006cb300000)
 Metaspace       used 20574K, capacity 21070K, committed 21248K, reserved 1067008K
  class space    used 2580K, capacity 2704K, committed 2816K, reserved 1048576K
Event: 2345.989 GC heap after
Heap after GC invocations=3 (full 0):
 PSYoungGen      total 76288K, used 8816K [0x000000076ad80000, 0x0000000770280000, 0x00000007c0000000)
  eden space 65536K, 0% used [0x000000076ad80000,0x000000076ad80000,0x000000076ed80000)
  from space 10752K, 81% used [0x000000076ed80000,0x000000076f61c010,0x000000076f800000)
  to   space 10752K, 0% used [0x000000076f800000,0x000000076f800000,0x0000000770280000)
 ParOldGen       total 175104K, used 6927K [0x00000006c0800000, 0x00000006cb300000, 0x000000076ad80000)
  object space 175104K, 3% used [0x00000006c0800000,0x00000006c0ec3c38,0x00000006cb300000)
 Metaspace       used 20574K, capacity 21070K, committed 21248K, reserved 1067008K
  class space    used 2580K, capacity 2704K, committed 2816K, reserved 1048576K
}
Event: 2345.990 GC heap before
{Heap before GC invocations=4 (full 1):
 PSYoungGen      total 76288K, used 8816K [0x000000076ad80000, 0x0000000770280000, 0x00000007c0000000)
  eden space 65536K, 0% used [0x000000076ad80000,0x000000076ad80000,0x000000076ed80000)
  from space 10752K, 81% used [0x000000076ed80000,0x000000076f61c010,0x000000076f800000)
  to   space 10752K, 0% used [0x000000076f800000,0x000000076f800000,0x0000000770280000)
 ParOldGen       total 175104K, used 6927K [0x00000006c0800000, 0x00000006cb300000, 0x000000076ad80000)
  object space 175104K, 3% used [0x00000006c0800000,0x00000006c0ec3c38,0x00000006cb300000)
 Metaspace       used 20574K, capacity 21070K, committed 21248K, reserved 1067008K
  class space    used 2580K, capacity 2704K, committed 2816K, reserved 1048576K
Event: 2346.024 GC heap after
Heap after GC invocations=4 (full 1):
 PSYoungGen      total 76288K, used 0K [0x000000076ad80000, 0x0000000770280000, 0x00000007c0000000)
  eden space 65536K, 0% used [0x000000076ad80000,0x000000076ad80000,0x000000076ed80000)
  from space 10752K, 0% used [0x000000076ed80000,0x000000076ed80000,0x000000076f800000)
  to   space 10752K, 0% used [0x000000076f800000,0x000000076f800000,0x0000000770280000)
 ParOldGen       total 86016K, used 12114K [0x00000006c0800000, 0x00000006c5c00000, 0x000000076ad80000)
  object space 86016K, 14% used [0x00000006c0800000,0x00000006c13d48e0,0x00000006c5c00000)
 Metaspace       used 20574K, capacity 21070K, committed 21248K, reserved 1067008K
  class space    used 2580K, capacity 2704K, committed 2816K, reserved 1048576K
}
Event: 4253.340 GC heap before
{Heap before GC invocations=5 (full 1):
 PSYoungGen      total 76288K, used 65536K [0x000000076ad80000, 0x0000000770280000, 0x00000007c0000000)
  eden space 65536K, 100% used [0x000000076ad80000,0x000000076ed80000,0x000000076ed80000)
  from space 10752K, 0% used [0x000000076ed80000,0x000000076ed80000,0x000000076f800000)
  to   space 10752K, 0% used [0x000000076f800000,0x000000076f800000,0x0000000770280000)
 ParOldGen       total 86016K, used 12114K [0x00000006c0800000, 0x00000006c5c00000, 0x000000076ad80000)
  object space 86016K, 14% used [0x00000006c0800000,0x00000006c13d48e0,0x00000006c5c00000)
 Metaspace       used 20702K, capacity 21198K, committed 21504K, reserved 1069056K
  class space    used 2580K, capacity 2704K, committed 2816K, reserved 1048576K
Event: 4253.356 GC heap after
Heap after GC invocations=5 (full 1):
 PSYoungGen      total 76288K, used 3136K [0x000000076ad80000, 0x0000000770280000, 0x00000007c0000000)
  eden space 65536K, 0% used [0x000000076ad80000,0x000000076ad80000,0x000000076ed80000)
  from space 10752K, 29% used [0x000000076f800000,0x000000076fb10360,0x0000000770280000)
  to   space 10752K, 0% used [0x000000076ed80000,0x000000076ed80000,0x000000076f800000)
 ParOldGen       total 86016K, used 12122K [0x00000006c0800000, 0x00000006c5c00000, 0x000000076ad80000)
  object space 86016K, 14% used [0x00000006c0800000,0x00000006c13d68e0,0x00000006c5c00000)
 Metaspace       used 20702K, capacity 21198K, committed 21504K, reserved 1069056K
  class space    used 2580K, capacity 2704K, committed 2816K, reserved 1048576K
}

