# JRE version: Java(TM) SE Runtime Environment (8.0_181-b13) (build 1.8.0_181-b13)
# Java VM: Java HotSpot(TM) 64-Bit Server VM (25.181-b13 mixed mode windows-amd64 compressed oops)
Heap:
 PSYoungGen      total 141824K, used 14299K [0x000000076ad80000, 0x0000000774280000, 0x00000007c0000000)
  eden space 131072K, 8% used [0x000000076ad80000,0x000000076b7dd0f0,0x0000000772d80000)
  from space 10752K, 34% used [0x0000000772d80000,0x0000000773119dd0,0x0000000773800000)
  to   space 10752K, 0% used [0x0000000773800000,0x0000000773800000,0x0000000774280000)
 ParOldGen       total 266752K, used 122180K [0x00000006c0800000, 0x00000006d0c80000, 0x000000076ad80000)
  object space 266752K, 45% used [0x00000006c0800000,0x00000006c7f51270,0x00000006d0c80000)
 Metaspace       used 22009K, capacity 22633K, committed 22912K, reserved 1069056K
  class space    used 2671K, capacity 2832K, committed 2944K, reserved 1048576K
GC Heap History (10 events):
Event: 9.599 GC heap before
{Heap before GC invocations=6 (full 1):
 PSYoungGen      total 141824K, used 10731K [0x000000076ad80000, 0x0000000774280000, 0x00000007c0000000)
  eden space 131072K, 0% used [0x000000076ad80000,0x000000076ad80000,0x0000000772d80000)
  from space 10752K, 99% used [0x0000000772d80000,0x00000007737faea8,0x0000000773800000)
  to   space 10752K, 0% used [0x0000000773800000,0x0000000773800000,0x0000000774280000)
 ParOldGen       total 175104K, used 114384K [0x00000006c0800000, 0x00000006cb300000, 0x000000076ad80000)
  object space 175104K, 65% used [0x00000006c0800000,0x00000006c77b4330,0x00000006cb300000)
 Metaspace       used 20653K, capacity 21182K, committed 21248K, reserved 1067008K
  class space    used 2619K, capacity 2766K, committed 2816K, reserved 1048576K
Event: 9.954 GC heap after
Heap after GC invocations=6 (full 1):
 PSYoungGen      total 141824K, used 0K [0x000000076ad80000, 0x0000000774280000, 0x00000007c0000000)
  eden space 131072K, 0% used [0x000000076ad80000,0x000000076ad80000,0x0000000772d80000)
  from space 10752K, 0% used [0x0000000772d80000,0x0000000772d80000,0x0000000773800000)
  to   space 10752K, 0% used [0x0000000773800000,0x0000000773800000,0x0000000774280000)
 ParOldGen       total 266752K, used 122156K [0x00000006c0800000, 0x00000006d0c80000, 0x000000076ad80000)
  object space 266752K, 45% used [0x00000006c0800000,0x00000006c7f4b270,0x00000006d0c80000)
 Metaspace       used 20653K, capacity 21182K, committed 21248K, reserved 1067008K
  class space    used 2619K, capacity 2766K, committed 2816K, reserved 1048576K
}
Event: 11.100 GC heap before
{Heap before GC invocations=7 (full 1):
 PSYoungGen      total 141824K, used 131072K [0x000000076ad80000, 0x0000000774280000, 0x00000007c0000000)
  eden space 131072K, 100% used [0x000000076ad80000,0x0000000772d80000,0x0000000772d80000)
  from space 10752K, 0% used [0x0000000772d80000,0x0000000772d80000,0x0000000773800000)
  to   space 10752K, 0% used [0x0000000773800000,0x0000000773800000,0x0000000774280000)
 ParOldGen       total 266752K, used 122156K [0x00000006c0800000, 0x00000006d0c80000, 0x000000076ad80000)
  object space 266752K, 45% used [0x00000006c0800000,0x00000006c7f4b270,0x00000006d0c80000)
 Metaspace       used 20680K, capacity 21246K, committed 21504K, reserved 1069056K
  class space    used 2619K, capacity 2766K, committed 2816K, reserved 1048576K
Event: 11.102 GC heap after
Heap after GC invocations=7 (full 1):
 PSYoungGen      total 141824K, used 775K [0x000000076ad80000, 0x0000000774280000, 0x00000007c0000000)
  eden space 131072K, 0% used [0x000000076ad80000,0x000000076ad80000,0x0000000772d80000)
  from space 10752K, 7% used [0x0000000773800000,0x00000007738c1cd8,0x0000000774280000)
  to   space 10752K, 0% used [0x0000000772d80000,0x0000000772d80000,0x0000000773800000)
 ParOldGen       total 266752K, used 122164K [0x00000006c0800000, 0x00000006d0c80000, 0x000000076ad80000)
  object space 266752K, 45% used [0x00000006c0800000,0x00000006c7f4d270,0x00000006d0c80000)
 Metaspace       used 20680K, capacity 21246K, committed 21504K, reserved 1069056K
  class space    used 2619K, capacity 2766K, committed 2816K, reserved 1048576K
}
Event: 12.145 GC heap before
{Heap before GC invocations=8 (full 1):
 PSYoungGen      total 141824K, used 131847K [0x000000076ad80000, 0x0000000774280000, 0x00000007c0000000)
  eden space 131072K, 100% used [0x000000076ad80000,0x0000000772d80000,0x0000000772d80000)
  from space 10752K, 7% used [0x0000000773800000,0x00000007738c1cd8,0x0000000774280000)
  to   space 10752K, 0% used [0x0000000772d80000,0x0000000772d80000,0x0000000773800000)
 ParOldGen       total 266752K, used 122164K [0x00000006c0800000, 0x00000006d0c80000, 0x000000076ad80000)
  object space 266752K, 45% used [0x00000006c0800000,0x00000006c7f4d270,0x00000006d0c80000)
 Metaspace       used 20711K, capacity 21246K, committed 21504K, reserved 1069056K
  class space    used 2619K, capacity 2766K, committed 2816K, reserved 1048576K
Event: 12.146 GC heap after
Heap after GC invocations=8 (full 1):
 PSYoungGen      total 141824K, used 659K [0x000000076ad80000, 0x0000000774280000, 0x00000007c0000000)
  eden space 131072K, 0% used [0x000000076ad80000,0x000000076ad80000,0x0000000772d80000)
  from space 10752K, 6% used [0x0000000772d80000,0x0000000772e24e50,0x0000000773800000)
  to   space 10752K, 0% used [0x0000000773800000,0x0000000773800000,0x0000000774280000)
 ParOldGen       total 266752K, used 122164K [0x00000006c0800000, 0x00000006d0c80000, 0x000000076ad80000)
  object space 266752K, 45% used [0x00000006c0800000,0x00000006c7f4d270,0x00000006d0c80000)
 Metaspace       used 20711K, capacity 21246K, committed 21504K, reserved 1069056K
  class space    used 2619K, capacity 2766K, committed 2816K, reserved 1048576K
}
Event: 13.087 GC heap before
{Heap before GC invocations=9 (full 1):
 PSYoungGen      total 141824K, used 131731K [0x000000076ad80000, 0x0000000774280000, 0x00000007c0000000)
  eden space 131072K, 100% used [0x000000076ad80000,0x0000000772d80000,0x0000000772d80000)
  from space 10752K, 6% used [0x0000000772d80000,0x0000000772e24e50,0x0000000773800000)
  to   space 10752K, 0% used [0x0000000773800000,0x0000000773800000,0x0000000774280000)
 ParOldGen       total 266752K, used 122164K [0x00000006c0800000, 0x00000006d0c80000, 0x000000076ad80000)
  object space 266752K, 45% used [0x00000006c0800000,0x00000006c7f4d270,0x00000006d0c80000)
 Metaspace       used 20712K, capacity 21246K, committed 21504K, reserved 1069056K
  class space    used 2619K, capacity 2766K, committed 2816K, reserved 1048576K
Event: 13.089 GC heap after
Heap after GC invocations=9 (full 1):
 PSYoungGen      total 141824K, used 595K [0x000000076ad80000, 0x0000000774280000, 0x00000007c0000000)
  eden space 131072K, 0% used [0x000000076ad80000,0x000000076ad80000,0x0000000772d80000)
  from space 10752K, 5% used [0x0000000773800000,0x0000000773894e60,0x0000000774280000)
  to   space 10752K, 0% used [0x0000000772d80000,0x0000000772d80000,0x0000000773800000)
 ParOldGen       total 266752K, used 122172K [0x00000006c0800000, 0x00000006d0c80000, 0x000000076ad80000)
  object space 266752K, 45% used [0x00000006c0800000,0x00000006c7f4f270,0x00000006d0c80000)
 Metaspace       used 20712K, capacity 21246K, committed 21504K, reserved 1069056K
  class space    used 2619K, capacity 2766K, committed 2816K, reserved 1048576K
}
Event: 14.401 GC heap before
{Heap before GC invocations=10 (full 1):
 PSYoungGen      total 141824K, used 131667K [0x000000076ad80000, 0x0000000774280000, 0x00000007c0000000)
  eden space 131072K, 100% used [0x000000076ad80000,0x0000000772d80000,0x0000000772d80000)
  from space 10752K, 5% used [0x0000000773800000,0x0000000773894e60,0x0000000774280000)
  to   space 10752K, 0% used [0x0000000772d80000,0x0000000772d80000,0x0000000773800000)
 ParOldGen       total 266752K, used 122172K [0x00000006c0800000, 0x00000006d0c80000, 0x000000076ad80000)
  object space 266752K, 45% used [0x00000006c0800000,0x00000006c7f4f270,0x00000006d0c80000)
 Metaspace       used 20853K, capacity 21438K, committed 21504K, reserved 1069056K
  class space    used 2623K, capacity 2766K, committed 2816K, reserved 1048576K
Event: 14.404 GC heap after
Heap after GC invocations=10 (full 1):
 PSYoungGen      total 141824K, used 3687K [0x000000076ad80000, 0x0000000774280000, 0x00000007c0000000)
  eden space 131072K, 0% used [0x000000076ad80000,0x000000076ad80000,0x0000000772d80000)
  from space 10752K, 34% used [0x0000000772d80000,0x0000000773119dd0,0x0000000773800000)
  to   space 10752K, 0% used [0x0000000773800000,0x0000000773800000,0x0000000774280000)
 ParOldGen       total 266752K, used 122180K [0x00000006c0800000, 0x00000006d0c80000, 0x000000076ad80000)
  object space 266752K, 45% used [0x00000006c0800000,0x00000006c7f51270,0x00000006d0c80000)
 Metaspace       used 20853K, capacity 21438K, committed 21504K, reserved 1069056K
  class space    used 2623K, capacity 2766K, committed 2816K, reserved 1048576K
}

