# JRE version: Java(TM) SE Runtime Environment (8.0_181-b13) (build 1.8.0_181-b13)
# Java VM: Java HotSpot(TM) 64-Bit Server VM (25.181-b13 mixed mode windows-amd64 compressed oops)
Heap:
 PSYoungGen      total 544768K, used 113382K [0x000000076ad80000, 0x000000078f580000, 0x00000007c0000000)
  eden space 494080K, 22% used [0x000000076ad80000,0x000000077188f168,0x0000000789000000)
  from space 50688K, 7% used [0x000000078c280000,0x000000078c62a6f8,0x000000078f400000)
  to   space 51712K, 0% used [0x0000000789000000,0x0000000789000000,0x000000078c280000)
 ParOldGen       total 723968K, used 455109K [0x00000006c0800000, 0x00000006ecb00000, 0x000000076ad80000)
  object space 723968K, 62% used [0x00000006c0800000,0x00000006dc471448,0x00000006ecb00000)
 Metaspace       used 34218K, capacity 34985K, committed 35840K, reserved 1081344K
  class space    used 3439K, capacity 3626K, committed 3840K, reserved 1048576K
GC Heap History (10 events):
Event: 12563.240 GC heap before
{Heap before GC invocations=1455 (full 5):
 PSYoungGen      total 538624K, used 517923K [0x000000076ad80000, 0x000000078e980000, 0x00000007c0000000)
  eden space 493056K, 100% used [0x000000076ad80000,0x0000000788f00000,0x0000000788f00000)
  from space 45568K, 54% used [0x0000000788f00000,0x000000078a748e28,0x000000078bb80000)
  to   space 45568K, 0% used [0x000000078bd00000,0x000000078bd00000,0x000000078e980000)
 ParOldGen       total 723968K, used 431715K [0x00000006c0800000, 0x00000006ecb00000, 0x000000076ad80000)
  object space 723968K, 59% used [0x00000006c0800000,0x00000006dad98d18,0x00000006ecb00000)
 Metaspace       used 34213K, capacity 34985K, committed 35840K, reserved 1081344K
  class space    used 3439K, capacity 3626K, committed 3840K, reserved 1048576K
Event: 12563.265 GC heap after
Heap after GC invocations=1455 (full 5):
 PSYoungGen      total 540160K, used 22764K [0x000000076ad80000, 0x000000078e980000, 0x00000007c0000000)
  eden space 494592K, 0% used [0x000000076ad80000,0x000000076ad80000,0x0000000789080000)
  from space 45568K, 49% used [0x000000078bd00000,0x000000078d33b178,0x000000078e980000)
  to   space 45568K, 0% used [0x0000000789080000,0x0000000789080000,0x000000078bd00000)
 ParOldGen       total 723968K, used 434315K [0x00000006c0800000, 0x00000006ecb00000, 0x000000076ad80000)
  object space 723968K, 59% used [0x00000006c0800000,0x00000006db022c58,0x00000006ecb00000)
 Metaspace       used 34213K, capacity 34985K, committed 35840K, reserved 1081344K
  class space    used 3439K, capacity 3626K, committed 3840K, reserved 1048576K
}
Event: 12599.547 GC heap before
{Heap before GC invocations=1456 (full 5):
 PSYoungGen      total 540160K, used 517356K [0x000000076ad80000, 0x000000078e980000, 0x00000007c0000000)
  eden space 494592K, 100% used [0x000000076ad80000,0x0000000789080000,0x0000000789080000)
  from space 45568K, 49% used [0x000000078bd00000,0x000000078d33b178,0x000000078e980000)
  to   space 45568K, 0% used [0x0000000789080000,0x0000000789080000,0x000000078bd00000)
 ParOldGen       total 723968K, used 434318K [0x00000006c0800000, 0x00000006ecb00000, 0x000000076ad80000)
  object space 723968K, 59% used [0x00000006c0800000,0x00000006db0238c0,0x00000006ecb00000)
 Metaspace       used 34217K, capacity 34985K, committed 35840K, reserved 1081344K
  class space    used 3439K, capacity 3626K, committed 3840K, reserved 1048576K
Event: 12599.560 GC heap after
Heap after GC invocations=1456 (full 5):
 PSYoungGen      total 540160K, used 22580K [0x000000076ad80000, 0x000000078eb00000, 0x00000007c0000000)
  eden space 494592K, 0% used [0x000000076ad80000,0x000000076ad80000,0x0000000789080000)
  from space 45568K, 49% used [0x0000000789080000,0x000000078a68d370,0x000000078bd00000)
  to   space 45568K, 0% used [0x000000078be80000,0x000000078be80000,0x000000078eb00000)
 ParOldGen       total 723968K, used 434462K [0x00000006c0800000, 0x00000006ecb00000, 0x000000076ad80000)
  object space 723968K, 60% used [0x00000006c0800000,0x00000006db0478c0,0x00000006ecb00000)
 Metaspace       used 34217K, capacity 34985K, committed 35840K, reserved 1081344K
  class space    used 3439K, capacity 3626K, committed 3840K, reserved 1048576K
}
Event: 12642.739 GC heap before
{Heap before GC invocations=1457 (full 5):
 PSYoungGen      total 540160K, used 517172K [0x000000076ad80000, 0x000000078eb00000, 0x00000007c0000000)
  eden space 494592K, 100% used [0x000000076ad80000,0x0000000789080000,0x0000000789080000)
  from space 45568K, 49% used [0x0000000789080000,0x000000078a68d370,0x000000078bd00000)
  to   space 45568K, 0% used [0x000000078be80000,0x000000078be80000,0x000000078eb00000)
 ParOldGen       total 723968K, used 434462K [0x00000006c0800000, 0x00000006ecb00000, 0x000000076ad80000)
  object space 723968K, 60% used [0x00000006c0800000,0x00000006db0478c0,0x00000006ecb00000)
 Metaspace       used 34218K, capacity 34985K, committed 35840K, reserved 1081344K
  class space    used 3439K, capacity 3626K, committed 3840K, reserved 1048576K
Event: 12642.798 GC heap after
Heap after GC invocations=1457 (full 5):
 PSYoungGen      total 538624K, used 3214K [0x000000076ad80000, 0x000000078f200000, 0x00000007c0000000)
  eden space 493056K, 0% used [0x000000076ad80000,0x000000076ad80000,0x0000000788f00000)
  from space 45568K, 7% used [0x000000078be80000,0x000000078c1a3a90,0x000000078eb00000)
  to   space 48640K, 0% used [0x0000000788f00000,0x0000000788f00000,0x000000078be80000)
 ParOldGen       total 723968K, used 454248K [0x00000006c0800000, 0x00000006ecb00000, 0x000000076ad80000)
  object space 723968K, 62% used [0x00000006c0800000,0x00000006dc39a170,0x00000006ecb00000)
 Metaspace       used 34218K, capacity 34985K, committed 35840K, reserved 1081344K
  class space    used 3439K, capacity 3626K, committed 3840K, reserved 1048576K
}
Event: 12676.726 GC heap before
{Heap before GC invocations=1458 (full 5):
 PSYoungGen      total 538624K, used 496270K [0x000000076ad80000, 0x000000078f200000, 0x00000007c0000000)
  eden space 493056K, 100% used [0x000000076ad80000,0x0000000788f00000,0x0000000788f00000)
  from space 45568K, 7% used [0x000000078be80000,0x000000078c1a3a90,0x000000078eb00000)
  to   space 48640K, 0% used [0x0000000788f00000,0x0000000788f00000,0x000000078be80000)
 ParOldGen       total 723968K, used 454248K [0x00000006c0800000, 0x00000006ecb00000, 0x000000076ad80000)
  object space 723968K, 62% used [0x00000006c0800000,0x00000006dc39a170,0x00000006ecb00000)
 Metaspace       used 34218K, capacity 34985K, committed 35840K, reserved 1081344K
  class space    used 3439K, capacity 3626K, committed 3840K, reserved 1048576K
Event: 12676.736 GC heap after
Heap after GC invocations=1458 (full 5):
 PSYoungGen      total 541696K, used 2546K [0x000000076ad80000, 0x000000078f400000, 0x00000007c0000000)
  eden space 493056K, 0% used [0x000000076ad80000,0x000000076ad80000,0x0000000788f00000)
  from space 48640K, 5% used [0x0000000788f00000,0x000000078917ca68,0x000000078be80000)
  to   space 50688K, 0% used [0x000000078c280000,0x000000078c280000,0x000000078f400000)
 ParOldGen       total 723968K, used 454869K [0x00000006c0800000, 0x00000006ecb00000, 0x000000076ad80000)
  object space 723968K, 62% used [0x00000006c0800000,0x00000006dc4354f0,0x00000006ecb00000)
 Metaspace       used 34218K, capacity 34985K, committed 35840K, reserved 1081344K
  class space    used 3439K, capacity 3626K, committed 3840K, reserved 1048576K
}
Event: 12723.763 GC heap before
{Heap before GC invocations=1459 (full 5):
 PSYoungGen      total 541696K, used 495602K [0x000000076ad80000, 0x000000078f400000, 0x00000007c0000000)
  eden space 493056K, 100% used [0x000000076ad80000,0x0000000788f00000,0x0000000788f00000)
  from space 48640K, 5% used [0x0000000788f00000,0x000000078917ca68,0x000000078be80000)
  to   space 50688K, 0% used [0x000000078c280000,0x000000078c280000,0x000000078f400000)
 ParOldGen       total 723968K, used 454919K [0x00000006c0800000, 0x00000006ecb00000, 0x000000076ad80000)
  object space 723968K, 62% used [0x00000006c0800000,0x00000006dc441d58,0x00000006ecb00000)
 Metaspace       used 34218K, capacity 34985K, committed 35840K, reserved 1081344K
  class space    used 3439K, capacity 3626K, committed 3840K, reserved 1048576K
Event: 12723.770 GC heap after
Heap after GC invocations=1459 (full 5):
 PSYoungGen      total 544768K, used 3753K [0x000000076ad80000, 0x000000078f580000, 0x00000007c0000000)
  eden space 494080K, 0% used [0x000000076ad80000,0x000000076ad80000,0x0000000789000000)
  from space 50688K, 7% used [0x000000078c280000,0x000000078c62a6f8,0x000000078f400000)
  to   space 51712K, 0% used [0x0000000789000000,0x0000000789000000,0x000000078c280000)
 ParOldGen       total 723968K, used 455109K [0x00000006c0800000, 0x00000006ecb00000, 0x000000076ad80000)
  object space 723968K, 62% used [0x00000006c0800000,0x00000006dc471448,0x00000006ecb00000)
 Metaspace       used 34218K, capacity 34985K, committed 35840K, reserved 1081344K
  class space    used 3439K, capacity 3626K, committed 3840K, reserved 1048576K
}

