# JRE version: Java(TM) SE Runtime Environment (8.0_181-b13) (build 1.8.0_181-b13)
# Java VM: Java HotSpot(TM) 64-Bit Server VM (25.181-b13 mixed mode windows-amd64 compressed oops)
Heap:
 PSYoungGen      total 387584K, used 135217K [0x000000076ad80000, 0x000000078a780000, 0x00000007c0000000)
  eden space 315904K, 20% used [0x000000076ad80000,0x000000076eb8eb20,0x000000077e200000)
  from space 71680K, 99% used [0x000000077e200000,0x00000007827fdc60,0x0000000782800000)
  to   space 85504K, 0% used [0x0000000785400000,0x0000000785400000,0x000000078a780000)
 ParOldGen       total 287232K, used 125524K [0x00000006c0800000, 0x00000006d2080000, 0x000000076ad80000)
  object space 287232K, 43% used [0x00000006c0800000,0x00000006c82952a0,0x00000006d2080000)
 Metaspace       used 31028K, capacity 31751K, committed 32000K, reserved 1077248K
  class space    used 3325K, capacity 3473K, committed 3584K, reserved 1048576K
GC Heap History (10 events):
Event: 4.822 GC heap before
{Heap before GC invocations=6 (full 0):
 PSYoungGen      total 141824K, used 107872K [0x000000076ad80000, 0x0000000783280000, 0x00000007c0000000)
  eden space 131072K, 74% used [0x000000076ad80000,0x0000000770c586a8,0x0000000772d80000)
  from space 10752K, 99% used [0x0000000772d80000,0x00000007737ffc78,0x0000000773800000)
  to   space 68096K, 0% used [0x000000077f000000,0x000000077f000000,0x0000000783280000)
 ParOldGen       total 175104K, used 113848K [0x00000006c0800000, 0x00000006cb300000, 0x000000076ad80000)
  object space 175104K, 65% used [0x00000006c0800000,0x00000006c772e188,0x00000006cb300000)
 Metaspace       used 20660K, capacity 21186K, committed 21248K, reserved 1067008K
  class space    used 2618K, capacity 2766K, committed 2816K, reserved 1048576K
Event: 4.828 GC heap after
Heap after GC invocations=6 (full 0):
 PSYoungGen      total 329216K, used 10942K [0x000000076ad80000, 0x0000000783180000, 0x00000007c0000000)
  eden space 262144K, 0% used [0x000000076ad80000,0x000000076ad80000,0x000000077ad80000)
  from space 67072K, 16% used [0x000000077f000000,0x000000077faafa38,0x0000000783180000)
  to   space 67584K, 0% used [0x000000077ad80000,0x000000077ad80000,0x000000077ef80000)
 ParOldGen       total 175104K, used 113848K [0x00000006c0800000, 0x00000006cb300000, 0x000000076ad80000)
  object space 175104K, 65% used [0x00000006c0800000,0x00000006c772e188,0x00000006cb300000)
 Metaspace       used 20660K, capacity 21186K, committed 21248K, reserved 1067008K
  class space    used 2618K, capacity 2766K, committed 2816K, reserved 1048576K
}
Event: 4.828 GC heap before
{Heap before GC invocations=7 (full 1):
 PSYoungGen      total 329216K, used 10942K [0x000000076ad80000, 0x0000000783180000, 0x00000007c0000000)
  eden space 262144K, 0% used [0x000000076ad80000,0x000000076ad80000,0x000000077ad80000)
  from space 67072K, 16% used [0x000000077f000000,0x000000077faafa38,0x0000000783180000)
  to   space 67584K, 0% used [0x000000077ad80000,0x000000077ad80000,0x000000077ef80000)
 ParOldGen       total 175104K, used 113848K [0x00000006c0800000, 0x00000006cb300000, 0x000000076ad80000)
  object space 175104K, 65% used [0x00000006c0800000,0x00000006c772e188,0x00000006cb300000)
 Metaspace       used 20660K, capacity 21186K, committed 21248K, reserved 1067008K
  class space    used 2618K, capacity 2766K, committed 2816K, reserved 1048576K
Event: 5.701 GC heap after
Heap after GC invocations=7 (full 1):
 PSYoungGen      total 329216K, used 0K [0x000000076ad80000, 0x0000000783180000, 0x00000007c0000000)
  eden space 262144K, 0% used [0x000000076ad80000,0x000000076ad80000,0x000000077ad80000)
  from space 67072K, 0% used [0x000000077f000000,0x000000077f000000,0x0000000783180000)
  to   space 67584K, 0% used [0x000000077ad80000,0x000000077ad80000,0x000000077ef80000)
 ParOldGen       total 287232K, used 122773K [0x00000006c0800000, 0x00000006d2080000, 0x000000076ad80000)
  object space 287232K, 42% used [0x00000006c0800000,0x00000006c7fe5520,0x00000006d2080000)
 Metaspace       used 20660K, capacity 21186K, committed 21248K, reserved 1067008K
  class space    used 2618K, capacity 2766K, committed 2816K, reserved 1048576K
}
Event: 7.068 GC heap before
{Heap before GC invocations=8 (full 1):
 PSYoungGen      total 329216K, used 262144K [0x000000076ad80000, 0x0000000783180000, 0x00000007c0000000)
  eden space 262144K, 100% used [0x000000076ad80000,0x000000077ad80000,0x000000077ad80000)
  from space 67072K, 0% used [0x000000077f000000,0x000000077f000000,0x0000000783180000)
  to   space 67584K, 0% used [0x000000077ad80000,0x000000077ad80000,0x000000077ef80000)
 ParOldGen       total 287232K, used 122773K [0x00000006c0800000, 0x00000006d2080000, 0x000000076ad80000)
  object space 287232K, 42% used [0x00000006c0800000,0x00000006c7fe5520,0x00000006d2080000)
 Metaspace       used 20690K, capacity 21250K, committed 21504K, reserved 1069056K
  class space    used 2620K, capacity 2766K, committed 2816K, reserved 1048576K
Event: 7.069 GC heap after
Heap after GC invocations=8 (full 1):
 PSYoungGen      total 329728K, used 384K [0x000000076ad80000, 0x0000000787580000, 0x00000007c0000000)
  eden space 262144K, 0% used [0x000000076ad80000,0x000000076ad80000,0x000000077ad80000)
  from space 67584K, 0% used [0x000000077ad80000,0x000000077ade0000,0x000000077ef80000)
  to   space 69120K, 0% used [0x0000000783200000,0x0000000783200000,0x0000000787580000)
 ParOldGen       total 287232K, used 122781K [0x00000006c0800000, 0x00000006d2080000, 0x000000076ad80000)
  object space 287232K, 42% used [0x00000006c0800000,0x00000006c7fe7520,0x00000006d2080000)
 Metaspace       used 20690K, capacity 21250K, committed 21504K, reserved 1069056K
  class space    used 2620K, capacity 2766K, committed 2816K, reserved 1048576K
}
Event: 18.630 GC heap before
{Heap before GC invocations=9 (full 1):
 PSYoungGen      total 329728K, used 262528K [0x000000076ad80000, 0x0000000787580000, 0x00000007c0000000)
  eden space 262144K, 100% used [0x000000076ad80000,0x000000077ad80000,0x000000077ad80000)
  from space 67584K, 0% used [0x000000077ad80000,0x000000077ade0000,0x000000077ef80000)
  to   space 69120K, 0% used [0x0000000783200000,0x0000000783200000,0x0000000787580000)
 ParOldGen       total 287232K, used 122781K [0x00000006c0800000, 0x00000006d2080000, 0x000000076ad80000)
  object space 287232K, 42% used [0x00000006c0800000,0x00000006c7fe7520,0x00000006d2080000)
 Metaspace       used 28350K, capacity 28957K, committed 29056K, reserved 1075200K
  class space    used 3206K, capacity 3362K, committed 3456K, reserved 1048576K
Event: 18.651 GC heap after
Heap after GC invocations=9 (full 1):
 PSYoungGen      total 377344K, used 43205K [0x000000076ad80000, 0x0000000786e00000, 0x00000007c0000000)
  eden space 315904K, 0% used [0x000000076ad80000,0x000000076ad80000,0x000000077e200000)
  from space 61440K, 70% used [0x0000000783200000,0x0000000785c317c8,0x0000000786e00000)
  to   space 71680K, 0% used [0x000000077e200000,0x000000077e200000,0x0000000782800000)
 ParOldGen       total 287232K, used 122789K [0x00000006c0800000, 0x00000006d2080000, 0x000000076ad80000)
  object space 287232K, 42% used [0x00000006c0800000,0x00000006c7fe9520,0x00000006d2080000)
 Metaspace       used 28350K, capacity 28957K, committed 29056K, reserved 1075200K
  class space    used 3206K, capacity 3362K, committed 3456K, reserved 1048576K
}
Event: 81.714 GC heap before
{Heap before GC invocations=10 (full 1):
 PSYoungGen      total 377344K, used 359109K [0x000000076ad80000, 0x0000000786e00000, 0x00000007c0000000)
  eden space 315904K, 100% used [0x000000076ad80000,0x000000077e200000,0x000000077e200000)
  from space 61440K, 70% used [0x0000000783200000,0x0000000785c317c8,0x0000000786e00000)
  to   space 71680K, 0% used [0x000000077e200000,0x000000077e200000,0x0000000782800000)
 ParOldGen       total 287232K, used 122789K [0x00000006c0800000, 0x00000006d2080000, 0x000000076ad80000)
  object space 287232K, 42% used [0x00000006c0800000,0x00000006c7fe9520,0x00000006d2080000)
 Metaspace       used 30953K, capacity 31681K, committed 32000K, reserved 1077248K
  class space    used 3323K, capacity 3472K, committed 3584K, reserved 1048576K
Event: 81.745 GC heap after
Heap after GC invocations=10 (full 1):
 PSYoungGen      total 387584K, used 71671K [0x000000076ad80000, 0x000000078a780000, 0x00000007c0000000)
  eden space 315904K, 0% used [0x000000076ad80000,0x000000076ad80000,0x000000077e200000)
  from space 71680K, 99% used [0x000000077e200000,0x00000007827fdc60,0x0000000782800000)
  to   space 85504K, 0% used [0x0000000785400000,0x0000000785400000,0x000000078a780000)
 ParOldGen       total 287232K, used 125524K [0x00000006c0800000, 0x00000006d2080000, 0x000000076ad80000)
  object space 287232K, 43% used [0x00000006c0800000,0x00000006c82952a0,0x00000006d2080000)
 Metaspace       used 30953K, capacity 31681K, committed 32000K, reserved 1077248K
  class space    used 3323K, capacity 3472K, committed 3584K, reserved 1048576K
}

