# JRE version: Java(TM) SE Runtime Environment (8.0_181-b13) (build 1.8.0_181-b13)
# Java VM: Java HotSpot(TM) 64-Bit Server VM (25.181-b13 mixed mode windows-amd64 compressed oops)
Heap:
 PSYoungGen      total 76288K, used 9126K [0x000000076ad80000, 0x0000000770280000, 0x00000007c0000000)
  eden space 65536K, 9% used [0x000000076ad80000,0x000000076b35d738,0x000000076ed80000)
  from space 10752K, 29% used [0x000000076f800000,0x000000076fb0c370,0x0000000770280000)
  to   space 10752K, 0% used [0x000000076ed80000,0x000000076ed80000,0x000000076f800000)
 ParOldGen       total 87040K, used 13528K [0x00000006c0800000, 0x00000006c5d00000, 0x000000076ad80000)
  object space 87040K, 15% used [0x00000006c0800000,0x00000006c1536340,0x00000006c5d00000)
 Metaspace       used 20702K, capacity 21198K, committed 21504K, reserved 1069056K
  class space    used 2580K, capacity 2704K, committed 2816K, reserved 1048576K
GC Heap History (10 events):
Event: 2.483 GC heap before
{Heap before GC invocations=1 (full 0):
 PSYoungGen      total 76288K, used 65536K [0x000000076ad80000, 0x0000000770280000, 0x00000007c0000000)
  eden space 65536K, 100% used [0x000000076ad80000,0x000000076ed80000,0x000000076ed80000)
  from space 10752K, 0% used [0x000000076f800000,0x000000076f800000,0x0000000770280000)
  to   space 10752K, 0% used [0x000000076ed80000,0x000000076ed80000,0x000000076f800000)
 ParOldGen       total 175104K, used 0K [0x00000006c0800000, 0x00000006cb300000, 0x000000076ad80000)
  object space 175104K, 0% used [0x00000006c0800000,0x00000006c0800000,0x00000006cb300000)
 Metaspace       used 19578K, capacity 20150K, committed 20352K, reserved 1067008K
  class space    used 2517K, capacity 2636K, committed 2688K, reserved 1048576K
Event: 2.492 GC heap after
Heap after GC invocations=1 (full 0):
 PSYoungGen      total 76288K, used 9804K [0x000000076ad80000, 0x0000000770280000, 0x00000007c0000000)
  eden space 65536K, 0% used [0x000000076ad80000,0x000000076ad80000,0x000000076ed80000)
  from space 10752K, 91% used [0x000000076ed80000,0x000000076f713200,0x000000076f800000)
  to   space 10752K, 0% used [0x000000076f800000,0x000000076f800000,0x0000000770280000)
 ParOldGen       total 175104K, used 40K [0x00000006c0800000, 0x00000006cb300000, 0x000000076ad80000)
  object space 175104K, 0% used [0x00000006c0800000,0x00000006c080a000,0x00000006cb300000)
 Metaspace       used 19578K, capacity 20150K, committed 20352K, reserved 1067008K
  class space    used 2517K, capacity 2636K, committed 2688K, reserved 1048576K
}
Event: 839.688 GC heap before
{Heap before GC invocations=2 (full 0):
 PSYoungGen      total 76288K, used 75340K [0x000000076ad80000, 0x0000000770280000, 0x00000007c0000000)
  eden space 65536K, 100% used [0x000000076ad80000,0x000000076ed80000,0x000000076ed80000)
  from space 10752K, 91% used [0x000000076ed80000,0x000000076f713200,0x000000076f800000)
  to   space 10752K, 0% used [0x000000076f800000,0x000000076f800000,0x0000000770280000)
 ParOldGen       total 175104K, used 40K [0x00000006c0800000, 0x00000006cb300000, 0x000000076ad80000)
  object space 175104K, 0% used [0x00000006c0800000,0x00000006c080a000,0x00000006cb300000)
 Metaspace       used 20479K, capacity 21000K, committed 21248K, reserved 1067008K
  class space    used 2578K, capacity 2703K, committed 2816K, reserved 1048576K
Event: 839.695 GC heap after
Heap after GC invocations=2 (full 0):
 PSYoungGen      total 76288K, used 10739K [0x000000076ad80000, 0x0000000770280000, 0x00000007c0000000)
  eden space 65536K, 0% used [0x000000076ad80000,0x000000076ad80000,0x000000076ed80000)
  from space 10752K, 99% used [0x000000076f800000,0x000000077027ce20,0x0000000770280000)
  to   space 10752K, 0% used [0x000000076ed80000,0x000000076ed80000,0x000000076f800000)
 ParOldGen       total 175104K, used 6883K [0x00000006c0800000, 0x00000006cb300000, 0x000000076ad80000)
  object space 175104K, 3% used [0x00000006c0800000,0x00000006c0eb8f28,0x00000006cb300000)
 Metaspace       used 20479K, capacity 21000K, committed 21248K, reserved 1067008K
  class space    used 2578K, capacity 2703K, committed 2816K, reserved 1048576K
}
Event: 2345.879 GC heap before
{Heap before GC invocations=3 (full 0):
 PSYoungGen      total 76288K, used 63616K [0x000000076ad80000, 0x0000000770280000, 0x00000007c0000000)
  eden space 65536K, 80% used [0x000000076ad80000,0x000000076e123318,0x000000076ed80000)
  from space 10752K, 99% used [0x000000076f800000,0x000000077027ce20,0x0000000770280000)
  to   space 10752K, 0% used [0x000000076ed80000,0x000000076ed80000,0x000000076f800000)
 ParOldGen       total 175104K, used 6883K [0x00000006c0800000, 0x00000006cb300000, 0x000000076ad80000)
  object space 175104K, 3% used [0x00000006c0800000,0x00000006c0eb8f28,0x00000006cb300000)
 Metaspace       used 20573K, capacity 21070K, committed 21248K, reserved 1067008K
  class space    used 2579K, capacity 2704K, committed 2816K, reserved 1048576K
Event: 2345.890 GC heap after
Heap after GC invocations=3 (full 0):
 PSYoungGen      total 76288K, used 10735K [0x000000076ad80000, 0x0000000770280000, 0x00000007c0000000)
  eden space 65536K, 0% used [0x000000076ad80000,0x000000076ad80000,0x000000076ed80000)
  from space 10752K, 99% used [0x000000076ed80000,0x000000076f7fbd08,0x000000076f800000)
  to   space 10752K, 0% used [0x000000076f800000,0x000000076f800000,0x0000000770280000)
 ParOldGen       total 175104K, used 7913K [0x00000006c0800000, 0x00000006cb300000, 0x000000076ad80000)
  object space 175104K, 4% used [0x00000006c0800000,0x00000006c0fba6b8,0x00000006cb300000)
 Metaspace       used 20573K, capacity 21070K, committed 21248K, reserved 1067008K
  class space    used 2579K, capacity 2704K, committed 2816K, reserved 1048576K
}
Event: 2345.890 GC heap before
{Heap before GC invocations=4 (full 1):
 PSYoungGen      total 76288K, used 10735K [0x000000076ad80000, 0x0000000770280000, 0x00000007c0000000)
  eden space 65536K, 0% used [0x000000076ad80000,0x000000076ad80000,0x000000076ed80000)
  from space 10752K, 99% used [0x000000076ed80000,0x000000076f7fbd08,0x000000076f800000)
  to   space 10752K, 0% used [0x000000076f800000,0x000000076f800000,0x0000000770280000)
 ParOldGen       total 175104K, used 7913K [0x00000006c0800000, 0x00000006cb300000, 0x000000076ad80000)
  object space 175104K, 4% used [0x00000006c0800000,0x00000006c0fba6b8,0x00000006cb300000)
 Metaspace       used 20573K, capacity 21070K, committed 21248K, reserved 1067008K
  class space    used 2579K, capacity 2704K, committed 2816K, reserved 1048576K
Event: 2345.941 GC heap after
Heap after GC invocations=4 (full 1):
 PSYoungGen      total 76288K, used 0K [0x000000076ad80000, 0x0000000770280000, 0x00000007c0000000)
  eden space 65536K, 0% used [0x000000076ad80000,0x000000076ad80000,0x000000076ed80000)
  from space 10752K, 0% used [0x000000076ed80000,0x000000076ed80000,0x000000076f800000)
  to   space 10752K, 0% used [0x000000076f800000,0x000000076f800000,0x0000000770280000)
 ParOldGen       total 87040K, used 13520K [0x00000006c0800000, 0x00000006c5d00000, 0x000000076ad80000)
  object space 87040K, 15% used [0x00000006c0800000,0x00000006c1534340,0x00000006c5d00000)
 Metaspace       used 20573K, capacity 21070K, committed 21248K, reserved 1067008K
  class space    used 2579K, capacity 2704K, committed 2816K, reserved 1048576K
}
Event: 4150.425 GC heap before
{Heap before GC invocations=5 (full 1):
 PSYoungGen      total 76288K, used 65536K [0x000000076ad80000, 0x0000000770280000, 0x00000007c0000000)
  eden space 65536K, 100% used [0x000000076ad80000,0x000000076ed80000,0x000000076ed80000)
  from space 10752K, 0% used [0x000000076ed80000,0x000000076ed80000,0x000000076f800000)
  to   space 10752K, 0% used [0x000000076f800000,0x000000076f800000,0x0000000770280000)
 ParOldGen       total 87040K, used 13520K [0x00000006c0800000, 0x00000006c5d00000, 0x000000076ad80000)
  object space 87040K, 15% used [0x00000006c0800000,0x00000006c1534340,0x00000006c5d00000)
 Metaspace       used 20695K, capacity 21198K, committed 21504K, reserved 1069056K
  class space    used 2580K, capacity 2704K, committed 2816K, reserved 1048576K
Event: 4150.429 GC heap after
Heap after GC invocations=5 (full 1):
 PSYoungGen      total 76288K, used 3120K [0x000000076ad80000, 0x0000000770280000, 0x00000007c0000000)
  eden space 65536K, 0% used [0x000000076ad80000,0x000000076ad80000,0x000000076ed80000)
  from space 10752K, 29% used [0x000000076f800000,0x000000076fb0c370,0x0000000770280000)
  to   space 10752K, 0% used [0x000000076ed80000,0x000000076ed80000,0x000000076f800000)
 ParOldGen       total 87040K, used 13528K [0x00000006c0800000, 0x00000006c5d00000, 0x000000076ad80000)
  object space 87040K, 15% used [0x00000006c0800000,0x00000006c1536340,0x00000006c5d00000)
 Metaspace       used 20695K, capacity 21198K, committed 21504K, reserved 1069056K
  class space    used 2580K, capacity 2704K, committed 2816K, reserved 1048576K
}

